<?xml version="1.0" encoding="UTF-8"?>
<!-- Generated by org.testng.reporters.JUnitXMLReporter -->
<testsuite hostname="DESKTOP-3SL4LUB" ignored="0" name="Open Account Test" tests="1" failures="1" timestamp="15 Jun 2019 07:20:33 GMT" time="1.951" errors="0">
  <testcase name="openAccount" time="1.292" classname="testcases.OpenAccountTest">
    <failure type="java.lang.AssertionError" message="Open Account Test failed">
      <![CDATA[java.lang.AssertionError: Open Account Test failed
at testcases.OpenAccountTest.openAccount(OpenAccountTest.java:28)
... Removed 29 stack frames]]>
    </failure>
  </testcase> <!-- openAccount -->
</testsuite> <!-- Open Account Test -->
